2024/04/17 22:23:44 [notice] 1#1: using the "epoll" event method
2024/04/17 22:23:44 [notice] 1#1: nginx/1.25.0
2024/04/17 22:23:44 [notice] 1#1: built by gcc 10.2.1 20210110 (Debian 10.2.1-6) 
2024/04/17 22:23:44 [notice] 1#1: OS: Linux 6.2.0-1019-azure
2024/04/17 22:23:44 [notice] 1#1: getrlimit(RLIMIT_NOFILE): 1048576:1048576
2024/04/17 22:23:44 [notice] 1#1: start worker processes
2024/04/17 22:23:44 [notice] 1#1: start worker process 29
2024/04/17 22:23:44 [notice] 1#1: start worker process 30
2024/04/17 22:23:44 [notice] 1#1: start worker process 31
2024/04/17 22:23:44 [notice] 1#1: start worker process 32
2024/04/17 22:24:18 [notice] 1#1: signal 3 (SIGQUIT) received, shutting down
2024/04/17 22:24:18 [notice] 29#29: gracefully shutting down
2024/04/17 22:24:18 [notice] 29#29: exiting
2024/04/17 22:24:18 [notice] 30#30: gracefully shutting down
2024/04/17 22:24:18 [notice] 31#31: gracefully shutting down
2024/04/17 22:24:18 [notice] 29#29: exit
2024/04/17 22:24:18 [notice] 30#30: exiting
2024/04/17 22:24:18 [notice] 31#31: exiting
2024/04/17 22:24:18 [notice] 30#30: exit
2024/04/17 22:24:18 [notice] 31#31: exit
2024/04/17 22:24:18 [notice] 32#32: gracefully shutting down
2024/04/17 22:24:18 [notice] 32#32: exiting
2024/04/17 22:24:18 [notice] 32#32: exit
2024/04/17 22:24:18 [notice] 1#1: signal 17 (SIGCHLD) received from 30
2024/04/17 22:24:18 [notice] 1#1: worker process 30 exited with code 0
2024/04/17 22:24:18 [notice] 1#1: signal 29 (SIGIO) received
2024/04/17 22:24:18 [notice] 1#1: signal 17 (SIGCHLD) received from 32
2024/04/17 22:24:18 [notice] 1#1: worker process 32 exited with code 0
2024/04/17 22:24:18 [notice] 1#1: worker process 31 exited with code 0
2024/04/17 22:24:18 [notice] 1#1: worker process 29 exited with code 0
2024/04/17 22:24:18 [notice] 1#1: exit
2024/04/17 22:24:26 [notice] 1#1: using the "epoll" event method
2024/04/17 22:24:26 [notice] 1#1: nginx/1.25.0
2024/04/17 22:24:26 [notice] 1#1: built by gcc 10.2.1 20210110 (Debian 10.2.1-6) 
2024/04/17 22:24:26 [notice] 1#1: OS: Linux 6.2.0-1019-azure
2024/04/17 22:24:26 [notice] 1#1: getrlimit(RLIMIT_NOFILE): 1048576:1048576
2024/04/17 22:24:26 [notice] 1#1: start worker processes
2024/04/17 22:24:26 [notice] 1#1: start worker process 22
2024/04/17 22:24:26 [notice] 1#1: start worker process 23
2024/04/17 22:24:26 [notice] 1#1: start worker process 24
2024/04/17 22:24:26 [notice] 1#1: start worker process 25
2024/04/18 10:50:59 [notice] 1#1: using the "epoll" event method
2024/04/18 10:50:59 [notice] 1#1: nginx/1.25.0
2024/04/18 10:50:59 [notice] 1#1: built by gcc 10.2.1 20210110 (Debian 10.2.1-6) 
2024/04/18 10:50:59 [notice] 1#1: OS: Linux 6.2.0-1019-azure
2024/04/18 10:50:59 [notice] 1#1: getrlimit(RLIMIT_NOFILE): 1048576:1048576
2024/04/18 10:50:59 [notice] 1#1: start worker processes
2024/04/18 10:50:59 [notice] 1#1: start worker process 22
2024/04/18 10:50:59 [notice] 1#1: start worker process 23
2024/04/18 10:50:59 [notice] 1#1: start worker process 24
2024/04/18 10:50:59 [notice] 1#1: start worker process 25
2024/04/18 13:13:33 [notice] 1#1: using the "epoll" event method
2024/04/18 13:13:33 [notice] 1#1: nginx/1.25.0
2024/04/18 13:13:33 [notice] 1#1: built by gcc 10.2.1 20210110 (Debian 10.2.1-6) 
2024/04/18 13:13:33 [notice] 1#1: OS: Linux 6.2.0-1019-azure
2024/04/18 13:13:33 [notice] 1#1: getrlimit(RLIMIT_NOFILE): 1048576:1048576
2024/04/18 13:13:33 [notice] 1#1: start worker processes
2024/04/18 13:13:33 [notice] 1#1: start worker process 22
2024/04/18 13:13:33 [notice] 1#1: start worker process 23
2024/04/18 13:13:33 [notice] 1#1: start worker process 24
2024/04/18 13:13:33 [notice] 1#1: start worker process 25
2024/04/18 19:27:40 [notice] 1#1: using the "epoll" event method
2024/04/18 19:27:40 [notice] 1#1: nginx/1.25.0
2024/04/18 19:27:40 [notice] 1#1: built by gcc 10.2.1 20210110 (Debian 10.2.1-6) 
2024/04/18 19:27:40 [notice] 1#1: OS: Linux 6.2.0-1019-azure
2024/04/18 19:27:40 [notice] 1#1: getrlimit(RLIMIT_NOFILE): 1048576:1048576
2024/04/18 19:27:40 [notice] 1#1: start worker processes
2024/04/18 19:27:40 [notice] 1#1: start worker process 22
2024/04/18 19:27:40 [notice] 1#1: start worker process 23
2024/04/18 19:27:40 [notice] 1#1: start worker process 24
2024/04/18 19:27:40 [notice] 1#1: start worker process 25
